  imgui.cpp
  imgui_demo.cpp
  imgui_draw.cpp
  imgui_impl_dx11.cpp
O:\SDK\DirectSDK\Include\dxgitype.h(12,1): warning C4005: “DXGI_STATUS_OCCLUDED”: 宏重定义
C:\Program Files (x86)\Windows Kits\10\Include\10.0.19041.0\shared\winerror.h(56342): message : 参见“DXGI_STATUS_OCCLUDED”的前一个定义
O:\SDK\DirectSDK\Include\dxgitype.h(13,1): warning C4005: “DXGI_STATUS_CLIPPED”: 宏重定义
C:\Program Files (x86)\Windows Kits\10\Include\10.0.19041.0\shared\winerror.h(56351): message : 参见“DXGI_STATUS_CLIPPED”的前一个定义
O:\SDK\DirectSDK\Include\dxgitype.h(14,1): warning C4005: “DXGI_STATUS_NO_REDIRECTION”: 宏重定义
C:\Program Files (x86)\Windows Kits\10\Include\10.0.19041.0\shared\winerror.h(56360): message : 参见“DXGI_STATUS_NO_REDIRECTION”的前一个定义
O:\SDK\DirectSDK\Include\dxgitype.h(15,1): warning C4005: “DXGI_STATUS_NO_DESKTOP_ACCESS”: 宏重定义
C:\Program Files (x86)\Windows Kits\10\Include\10.0.19041.0\shared\winerror.h(56369): message : 参见“DXGI_STATUS_NO_DESKTOP_ACCESS”的前一个定义
O:\SDK\DirectSDK\Include\dxgitype.h(16,1): warning C4005: “DXGI_STATUS_GRAPHICS_VIDPN_SOURCE_IN_USE”: 宏重定义
C:\Program Files (x86)\Windows Kits\10\Include\10.0.19041.0\shared\winerror.h(56378): message : 参见“DXGI_STATUS_GRAPHICS_VIDPN_SOURCE_IN_USE”的前一个定义
O:\SDK\DirectSDK\Include\dxgitype.h(17,1): warning C4005: “DXGI_STATUS_MODE_CHANGED”: 宏重定义
C:\Program Files (x86)\Windows Kits\10\Include\10.0.19041.0\shared\winerror.h(56387): message : 参见“DXGI_STATUS_MODE_CHANGED”的前一个定义
O:\SDK\DirectSDK\Include\dxgitype.h(18,1): warning C4005: “DXGI_STATUS_MODE_CHANGE_IN_PROGRESS”: 宏重定义
C:\Program Files (x86)\Windows Kits\10\Include\10.0.19041.0\shared\winerror.h(56396): message : 参见“DXGI_STATUS_MODE_CHANGE_IN_PROGRESS”的前一个定义
O:\SDK\DirectSDK\Include\dxgitype.h(21,1): warning C4005: “DXGI_ERROR_INVALID_CALL”: 宏重定义
C:\Program Files (x86)\Windows Kits\10\Include\10.0.19041.0\shared\winerror.h(56411): message : 参见“DXGI_ERROR_INVALID_CALL”的前一个定义
O:\SDK\DirectSDK\Include\dxgitype.h(22,1): warning C4005: “DXGI_ERROR_NOT_FOUND”: 宏重定义
C:\Program Files (x86)\Windows Kits\10\Include\10.0.19041.0\shared\winerror.h(56420): message : 参见“DXGI_ERROR_NOT_FOUND”的前一个定义
O:\SDK\DirectSDK\Include\dxgitype.h(23,1): warning C4005: “DXGI_ERROR_MORE_DATA”: 宏重定义
C:\Program Files (x86)\Windows Kits\10\Include\10.0.19041.0\shared\winerror.h(56429): message : 参见“DXGI_ERROR_MORE_DATA”的前一个定义
O:\SDK\DirectSDK\Include\dxgitype.h(24,1): warning C4005: “DXGI_ERROR_UNSUPPORTED”: 宏重定义
C:\Program Files (x86)\Windows Kits\10\Include\10.0.19041.0\shared\winerror.h(56438): message : 参见“DXGI_ERROR_UNSUPPORTED”的前一个定义
O:\SDK\DirectSDK\Include\dxgitype.h(25,1): warning C4005: “DXGI_ERROR_DEVICE_REMOVED”: 宏重定义
C:\Program Files (x86)\Windows Kits\10\Include\10.0.19041.0\shared\winerror.h(56447): message : 参见“DXGI_ERROR_DEVICE_REMOVED”的前一个定义
O:\SDK\DirectSDK\Include\dxgitype.h(26,1): warning C4005: “DXGI_ERROR_DEVICE_HUNG”: 宏重定义
C:\Program Files (x86)\Windows Kits\10\Include\10.0.19041.0\shared\winerror.h(56456): message : 参见“DXGI_ERROR_DEVICE_HUNG”的前一个定义
O:\SDK\DirectSDK\Include\dxgitype.h(27,1): warning C4005: “DXGI_ERROR_DEVICE_RESET”: 宏重定义
C:\Program Files (x86)\Windows Kits\10\Include\10.0.19041.0\shared\winerror.h(56466): message : 参见“DXGI_ERROR_DEVICE_RESET”的前一个定义
O:\SDK\DirectSDK\Include\dxgitype.h(28,1): warning C4005: “DXGI_ERROR_WAS_STILL_DRAWING”: 宏重定义
C:\Program Files (x86)\Windows Kits\10\Include\10.0.19041.0\shared\winerror.h(56475): message : 参见“DXGI_ERROR_WAS_STILL_DRAWING”的前一个定义
O:\SDK\DirectSDK\Include\dxgitype.h(29,1): warning C4005: “DXGI_ERROR_FRAME_STATISTICS_DISJOINT”: 宏重定义
C:\Program Files (x86)\Windows Kits\10\Include\10.0.19041.0\shared\winerror.h(56485): message : 参见“DXGI_ERROR_FRAME_STATISTICS_DISJOINT”的前一个定义
O:\SDK\DirectSDK\Include\dxgitype.h(30,1): warning C4005: “DXGI_ERROR_GRAPHICS_VIDPN_SOURCE_IN_USE”: 宏重定义
C:\Program Files (x86)\Windows Kits\10\Include\10.0.19041.0\shared\winerror.h(56494): message : 参见“DXGI_ERROR_GRAPHICS_VIDPN_SOURCE_IN_USE”的前一个定义
O:\SDK\DirectSDK\Include\dxgitype.h(31,1): warning C4005: “DXGI_ERROR_DRIVER_INTERNAL_ERROR”: 宏重定义
C:\Program Files (x86)\Windows Kits\10\Include\10.0.19041.0\shared\winerror.h(56504): message : 参见“DXGI_ERROR_DRIVER_INTERNAL_ERROR”的前一个定义
O:\SDK\DirectSDK\Include\dxgitype.h(32,1): warning C4005: “DXGI_ERROR_NONEXCLUSIVE”: 宏重定义
C:\Program Files (x86)\Windows Kits\10\Include\10.0.19041.0\shared\winerror.h(56513): message : 参见“DXGI_ERROR_NONEXCLUSIVE”的前一个定义
O:\SDK\DirectSDK\Include\dxgitype.h(33,1): warning C4005: “DXGI_ERROR_NOT_CURRENTLY_AVAILABLE”: 宏重定义
C:\Program Files (x86)\Windows Kits\10\Include\10.0.19041.0\shared\winerror.h(56522): message : 参见“DXGI_ERROR_NOT_CURRENTLY_AVAILABLE”的前一个定义
O:\SDK\DirectSDK\Include\dxgitype.h(34,1): warning C4005: “DXGI_ERROR_REMOTE_CLIENT_DISCONNECTED”: 宏重定义
C:\Program Files (x86)\Windows Kits\10\Include\10.0.19041.0\shared\winerror.h(56532): message : 参见“DXGI_ERROR_REMOTE_CLIENT_DISCONNECTED”的前一个定义
O:\SDK\DirectSDK\Include\dxgitype.h(35,1): warning C4005: “DXGI_ERROR_REMOTE_OUTOFMEMORY”: 宏重定义
C:\Program Files (x86)\Windows Kits\10\Include\10.0.19041.0\shared\winerror.h(56541): message : 参见“DXGI_ERROR_REMOTE_OUTOFMEMORY”的前一个定义
O:\SDK\DirectSDK\Include\d3d11.h(917,1): warning C4005: “D3D11_ERROR_TOO_MANY_UNIQUE_STATE_OBJECTS”: 宏重定义
C:\Program Files (x86)\Windows Kits\10\Include\10.0.19041.0\shared\winerror.h(56819): message : 参见“D3D11_ERROR_TOO_MANY_UNIQUE_STATE_OBJECTS”的前一个定义
O:\SDK\DirectSDK\Include\d3d11.h(918,1): warning C4005: “D3D11_ERROR_FILE_NOT_FOUND”: 宏重定义
C:\Program Files (x86)\Windows Kits\10\Include\10.0.19041.0\shared\winerror.h(56828): message : 参见“D3D11_ERROR_FILE_NOT_FOUND”的前一个定义
O:\SDK\DirectSDK\Include\d3d11.h(919,1): warning C4005: “D3D11_ERROR_TOO_MANY_UNIQUE_VIEW_OBJECTS”: 宏重定义
C:\Program Files (x86)\Windows Kits\10\Include\10.0.19041.0\shared\winerror.h(56838): message : 参见“D3D11_ERROR_TOO_MANY_UNIQUE_VIEW_OBJECTS”的前一个定义
O:\SDK\DirectSDK\Include\d3d11.h(920,1): warning C4005: “D3D11_ERROR_DEFERRED_CONTEXT_MAP_WITHOUT_INITIAL_DISCARD”: 宏重定义
C:\Program Files (x86)\Windows Kits\10\Include\10.0.19041.0\shared\winerror.h(56847): message : 参见“D3D11_ERROR_DEFERRED_CONTEXT_MAP_WITHOUT_INITIAL_DISCARD”的前一个定义
O:\SDK\DirectSDK\Include\d3d10.h(608,1): warning C4005: “D3D10_ERROR_TOO_MANY_UNIQUE_STATE_OBJECTS”: 宏重定义
C:\Program Files (x86)\Windows Kits\10\Include\10.0.19041.0\shared\winerror.h(56795): message : 参见“D3D10_ERROR_TOO_MANY_UNIQUE_STATE_OBJECTS”的前一个定义
O:\SDK\DirectSDK\Include\d3d10.h(609,1): warning C4005: “D3D10_ERROR_FILE_NOT_FOUND”: 宏重定义
C:\Program Files (x86)\Windows Kits\10\Include\10.0.19041.0\shared\winerror.h(56804): message : 参见“D3D10_ERROR_FILE_NOT_FOUND”的前一个定义
  imgui_impl_win32.cpp
  imgui_widgets.cpp
  MyImGui.cpp
O:\SDK\DirectSDK\Include\dxgitype.h(12,1): warning C4005: “DXGI_STATUS_OCCLUDED”: 宏重定义
C:\Program Files (x86)\Windows Kits\10\Include\10.0.19041.0\shared\winerror.h(56342): message : 参见“DXGI_STATUS_OCCLUDED”的前一个定义
O:\SDK\DirectSDK\Include\dxgitype.h(13,1): warning C4005: “DXGI_STATUS_CLIPPED”: 宏重定义
C:\Program Files (x86)\Windows Kits\10\Include\10.0.19041.0\shared\winerror.h(56351): message : 参见“DXGI_STATUS_CLIPPED”的前一个定义
O:\SDK\DirectSDK\Include\dxgitype.h(14,1): warning C4005: “DXGI_STATUS_NO_REDIRECTION”: 宏重定义
C:\Program Files (x86)\Windows Kits\10\Include\10.0.19041.0\shared\winerror.h(56360): message : 参见“DXGI_STATUS_NO_REDIRECTION”的前一个定义
O:\SDK\DirectSDK\Include\dxgitype.h(15,1): warning C4005: “DXGI_STATUS_NO_DESKTOP_ACCESS”: 宏重定义
C:\Program Files (x86)\Windows Kits\10\Include\10.0.19041.0\shared\winerror.h(56369): message : 参见“DXGI_STATUS_NO_DESKTOP_ACCESS”的前一个定义
O:\SDK\DirectSDK\Include\dxgitype.h(16,1): warning C4005: “DXGI_STATUS_GRAPHICS_VIDPN_SOURCE_IN_USE”: 宏重定义
C:\Program Files (x86)\Windows Kits\10\Include\10.0.19041.0\shared\winerror.h(56378): message : 参见“DXGI_STATUS_GRAPHICS_VIDPN_SOURCE_IN_USE”的前一个定义
O:\SDK\DirectSDK\Include\dxgitype.h(17,1): warning C4005: “DXGI_STATUS_MODE_CHANGED”: 宏重定义
C:\Program Files (x86)\Windows Kits\10\Include\10.0.19041.0\shared\winerror.h(56387): message : 参见“DXGI_STATUS_MODE_CHANGED”的前一个定义
O:\SDK\DirectSDK\Include\dxgitype.h(18,1): warning C4005: “DXGI_STATUS_MODE_CHANGE_IN_PROGRESS”: 宏重定义
C:\Program Files (x86)\Windows Kits\10\Include\10.0.19041.0\shared\winerror.h(56396): message : 参见“DXGI_STATUS_MODE_CHANGE_IN_PROGRESS”的前一个定义
O:\SDK\DirectSDK\Include\dxgitype.h(21,1): warning C4005: “DXGI_ERROR_INVALID_CALL”: 宏重定义
C:\Program Files (x86)\Windows Kits\10\Include\10.0.19041.0\shared\winerror.h(56411): message : 参见“DXGI_ERROR_INVALID_CALL”的前一个定义
O:\SDK\DirectSDK\Include\dxgitype.h(22,1): warning C4005: “DXGI_ERROR_NOT_FOUND”: 宏重定义
C:\Program Files (x86)\Windows Kits\10\Include\10.0.19041.0\shared\winerror.h(56420): message : 参见“DXGI_ERROR_NOT_FOUND”的前一个定义
O:\SDK\DirectSDK\Include\dxgitype.h(23,1): warning C4005: “DXGI_ERROR_MORE_DATA”: 宏重定义
C:\Program Files (x86)\Windows Kits\10\Include\10.0.19041.0\shared\winerror.h(56429): message : 参见“DXGI_ERROR_MORE_DATA”的前一个定义
O:\SDK\DirectSDK\Include\dxgitype.h(24,1): warning C4005: “DXGI_ERROR_UNSUPPORTED”: 宏重定义
C:\Program Files (x86)\Windows Kits\10\Include\10.0.19041.0\shared\winerror.h(56438): message : 参见“DXGI_ERROR_UNSUPPORTED”的前一个定义
O:\SDK\DirectSDK\Include\dxgitype.h(25,1): warning C4005: “DXGI_ERROR_DEVICE_REMOVED”: 宏重定义
C:\Program Files (x86)\Windows Kits\10\Include\10.0.19041.0\shared\winerror.h(56447): message : 参见“DXGI_ERROR_DEVICE_REMOVED”的前一个定义
O:\SDK\DirectSDK\Include\dxgitype.h(26,1): warning C4005: “DXGI_ERROR_DEVICE_HUNG”: 宏重定义
C:\Program Files (x86)\Windows Kits\10\Include\10.0.19041.0\shared\winerror.h(56456): message : 参见“DXGI_ERROR_DEVICE_HUNG”的前一个定义
O:\SDK\DirectSDK\Include\dxgitype.h(27,1): warning C4005: “DXGI_ERROR_DEVICE_RESET”: 宏重定义
C:\Program Files (x86)\Windows Kits\10\Include\10.0.19041.0\shared\winerror.h(56466): message : 参见“DXGI_ERROR_DEVICE_RESET”的前一个定义
O:\SDK\DirectSDK\Include\dxgitype.h(28,1): warning C4005: “DXGI_ERROR_WAS_STILL_DRAWING”: 宏重定义
C:\Program Files (x86)\Windows Kits\10\Include\10.0.19041.0\shared\winerror.h(56475): message : 参见“DXGI_ERROR_WAS_STILL_DRAWING”的前一个定义
O:\SDK\DirectSDK\Include\dxgitype.h(29,1): warning C4005: “DXGI_ERROR_FRAME_STATISTICS_DISJOINT”: 宏重定义
C:\Program Files (x86)\Windows Kits\10\Include\10.0.19041.0\shared\winerror.h(56485): message : 参见“DXGI_ERROR_FRAME_STATISTICS_DISJOINT”的前一个定义
O:\SDK\DirectSDK\Include\dxgitype.h(30,1): warning C4005: “DXGI_ERROR_GRAPHICS_VIDPN_SOURCE_IN_USE”: 宏重定义
C:\Program Files (x86)\Windows Kits\10\Include\10.0.19041.0\shared\winerror.h(56494): message : 参见“DXGI_ERROR_GRAPHICS_VIDPN_SOURCE_IN_USE”的前一个定义
O:\SDK\DirectSDK\Include\dxgitype.h(31,1): warning C4005: “DXGI_ERROR_DRIVER_INTERNAL_ERROR”: 宏重定义
C:\Program Files (x86)\Windows Kits\10\Include\10.0.19041.0\shared\winerror.h(56504): message : 参见“DXGI_ERROR_DRIVER_INTERNAL_ERROR”的前一个定义
O:\SDK\DirectSDK\Include\dxgitype.h(32,1): warning C4005: “DXGI_ERROR_NONEXCLUSIVE”: 宏重定义
C:\Program Files (x86)\Windows Kits\10\Include\10.0.19041.0\shared\winerror.h(56513): message : 参见“DXGI_ERROR_NONEXCLUSIVE”的前一个定义
O:\SDK\DirectSDK\Include\dxgitype.h(33,1): warning C4005: “DXGI_ERROR_NOT_CURRENTLY_AVAILABLE”: 宏重定义
C:\Program Files (x86)\Windows Kits\10\Include\10.0.19041.0\shared\winerror.h(56522): message : 参见“DXGI_ERROR_NOT_CURRENTLY_AVAILABLE”的前一个定义
O:\SDK\DirectSDK\Include\dxgitype.h(34,1): warning C4005: “DXGI_ERROR_REMOTE_CLIENT_DISCONNECTED”: 宏重定义
C:\Program Files (x86)\Windows Kits\10\Include\10.0.19041.0\shared\winerror.h(56532): message : 参见“DXGI_ERROR_REMOTE_CLIENT_DISCONNECTED”的前一个定义
O:\SDK\DirectSDK\Include\dxgitype.h(35,1): warning C4005: “DXGI_ERROR_REMOTE_OUTOFMEMORY”: 宏重定义
C:\Program Files (x86)\Windows Kits\10\Include\10.0.19041.0\shared\winerror.h(56541): message : 参见“DXGI_ERROR_REMOTE_OUTOFMEMORY”的前一个定义
O:\SDK\DirectSDK\Include\d3d11.h(917,1): warning C4005: “D3D11_ERROR_TOO_MANY_UNIQUE_STATE_OBJECTS”: 宏重定义
C:\Program Files (x86)\Windows Kits\10\Include\10.0.19041.0\shared\winerror.h(56819): message : 参见“D3D11_ERROR_TOO_MANY_UNIQUE_STATE_OBJECTS”的前一个定义
O:\SDK\DirectSDK\Include\d3d11.h(918,1): warning C4005: “D3D11_ERROR_FILE_NOT_FOUND”: 宏重定义
C:\Program Files (x86)\Windows Kits\10\Include\10.0.19041.0\shared\winerror.h(56828): message : 参见“D3D11_ERROR_FILE_NOT_FOUND”的前一个定义
O:\SDK\DirectSDK\Include\d3d11.h(919,1): warning C4005: “D3D11_ERROR_TOO_MANY_UNIQUE_VIEW_OBJECTS”: 宏重定义
C:\Program Files (x86)\Windows Kits\10\Include\10.0.19041.0\shared\winerror.h(56838): message : 参见“D3D11_ERROR_TOO_MANY_UNIQUE_VIEW_OBJECTS”的前一个定义
O:\SDK\DirectSDK\Include\d3d11.h(920,1): warning C4005: “D3D11_ERROR_DEFERRED_CONTEXT_MAP_WITHOUT_INITIAL_DISCARD”: 宏重定义
C:\Program Files (x86)\Windows Kits\10\Include\10.0.19041.0\shared\winerror.h(56847): message : 参见“D3D11_ERROR_DEFERRED_CONTEXT_MAP_WITHOUT_INITIAL_DISCARD”的前一个定义
O:\SDK\DirectSDK\Include\d3d10.h(608,1): warning C4005: “D3D10_ERROR_TOO_MANY_UNIQUE_STATE_OBJECTS”: 宏重定义
C:\Program Files (x86)\Windows Kits\10\Include\10.0.19041.0\shared\winerror.h(56795): message : 参见“D3D10_ERROR_TOO_MANY_UNIQUE_STATE_OBJECTS”的前一个定义
O:\SDK\DirectSDK\Include\d3d10.h(609,1): warning C4005: “D3D10_ERROR_FILE_NOT_FOUND”: 宏重定义
C:\Program Files (x86)\Windows Kits\10\Include\10.0.19041.0\shared\winerror.h(56804): message : 参见“D3D10_ERROR_FILE_NOT_FOUND”的前一个定义
P:\项目文件夹\VS\外挂库\外挂库\imgui\MyImGui.cpp(21,71): warning C4244: “参数”: 从“int”转换到“float”，可能丢失数据
P:\项目文件夹\VS\外挂库\外挂库\imgui\MyImGui.cpp(21,68): warning C4244: “参数”: 从“int”转换到“float”，可能丢失数据
P:\项目文件夹\VS\外挂库\外挂库\imgui\MyImGui.cpp(21,83): warning C4244: “参数”: 从“int”转换到“float”，可能丢失数据
P:\项目文件夹\VS\外挂库\外挂库\imgui\MyImGui.cpp(21,81): warning C4244: “参数”: 从“int”转换到“float”，可能丢失数据
P:\项目文件夹\VS\外挂库\外挂库\imgui\MyImGui.cpp(26,52): warning C4244: “参数”: 从“int”转换到“float”，可能丢失数据
P:\项目文件夹\VS\外挂库\外挂库\imgui\MyImGui.cpp(26,49): warning C4244: “参数”: 从“int”转换到“float”，可能丢失数据
P:\项目文件夹\VS\外挂库\外挂库\imgui\MyImGui.cpp(26,72): warning C4244: “参数”: 从“int”转换到“float”，可能丢失数据
P:\项目文件夹\VS\外挂库\外挂库\imgui\MyImGui.cpp(26,65): warning C4244: “参数”: 从“int”转换到“float”，可能丢失数据
P:\项目文件夹\VS\外挂库\外挂库\imgui\MyImGui.cpp(26,175): warning C4244: “参数”: 从“double”转换到“float”，可能丢失数据
P:\项目文件夹\VS\外挂库\外挂库\imgui\MyImGui.cpp(26,158): warning C4244: “参数”: 从“double”转换到“float”，可能丢失数据
P:\项目文件夹\VS\外挂库\外挂库\imgui\MyImGui.cpp(26,141): warning C4244: “参数”: 从“double”转换到“float”，可能丢失数据
P:\项目文件夹\VS\外挂库\外挂库\imgui\MyImGui.cpp(26,124): warning C4244: “参数”: 从“double”转换到“float”，可能丢失数据
P:\项目文件夹\VS\外挂库\外挂库\imgui\MyImGui.cpp(31,53): warning C4244: “参数”: 从“int”转换到“float”，可能丢失数据
P:\项目文件夹\VS\外挂库\外挂库\imgui\MyImGui.cpp(31,51): warning C4244: “参数”: 从“int”转换到“float”，可能丢失数据
P:\项目文件夹\VS\外挂库\外挂库\imgui\MyImGui.cpp(31,156): warning C4244: “参数”: 从“double”转换到“float”，可能丢失数据
P:\项目文件夹\VS\外挂库\外挂库\imgui\MyImGui.cpp(31,139): warning C4244: “参数”: 从“double”转换到“float”，可能丢失数据
P:\项目文件夹\VS\外挂库\外挂库\imgui\MyImGui.cpp(31,122): warning C4244: “参数”: 从“double”转换到“float”，可能丢失数据
P:\项目文件夹\VS\外挂库\外挂库\imgui\MyImGui.cpp(31,105): warning C4244: “参数”: 从“double”转换到“float”，可能丢失数据
P:\项目文件夹\VS\外挂库\外挂库\imgui\MyImGui.cpp(36,52): warning C4244: “参数”: 从“int”转换到“float”，可能丢失数据
P:\项目文件夹\VS\外挂库\外挂库\imgui\MyImGui.cpp(36,49): warning C4244: “参数”: 从“int”转换到“float”，可能丢失数据
P:\项目文件夹\VS\外挂库\外挂库\imgui\MyImGui.cpp(36,66): warning C4244: “参数”: 从“int”转换到“float”，可能丢失数据
P:\项目文件夹\VS\外挂库\外挂库\imgui\MyImGui.cpp(36,63): warning C4244: “参数”: 从“int”转换到“float”，可能丢失数据
P:\项目文件夹\VS\外挂库\外挂库\imgui\MyImGui.cpp(36,167): warning C4244: “参数”: 从“double”转换到“float”，可能丢失数据
P:\项目文件夹\VS\外挂库\外挂库\imgui\MyImGui.cpp(36,150): warning C4244: “参数”: 从“double”转换到“float”，可能丢失数据
P:\项目文件夹\VS\外挂库\外挂库\imgui\MyImGui.cpp(36,133): warning C4244: “参数”: 从“double”转换到“float”，可能丢失数据
P:\项目文件夹\VS\外挂库\外挂库\imgui\MyImGui.cpp(36,116): warning C4244: “参数”: 从“double”转换到“float”，可能丢失数据
P:\项目文件夹\VS\外挂库\外挂库\imgui\MyImGui.cpp(41,54): warning C4244: “参数”: 从“int”转换到“float”，可能丢失数据
P:\项目文件夹\VS\外挂库\外挂库\imgui\MyImGui.cpp(41,52): warning C4244: “参数”: 从“int”转换到“float”，可能丢失数据
P:\项目文件夹\VS\外挂库\外挂库\imgui\MyImGui.cpp(41,155): warning C4244: “参数”: 从“double”转换到“float”，可能丢失数据
P:\项目文件夹\VS\外挂库\外挂库\imgui\MyImGui.cpp(41,138): warning C4244: “参数”: 从“double”转换到“float”，可能丢失数据
P:\项目文件夹\VS\外挂库\外挂库\imgui\MyImGui.cpp(41,121): warning C4244: “参数”: 从“double”转换到“float”，可能丢失数据
P:\项目文件夹\VS\外挂库\外挂库\imgui\MyImGui.cpp(41,104): warning C4244: “参数”: 从“double”转换到“float”，可能丢失数据
  WindowsOparetion.cpp
O:\SDK\DirectSDK\Include\dxgitype.h(12,1): warning C4005: “DXGI_STATUS_OCCLUDED”: 宏重定义
C:\Program Files (x86)\Windows Kits\10\Include\10.0.19041.0\shared\winerror.h(56342): message : 参见“DXGI_STATUS_OCCLUDED”的前一个定义
O:\SDK\DirectSDK\Include\dxgitype.h(13,1): warning C4005: “DXGI_STATUS_CLIPPED”: 宏重定义
C:\Program Files (x86)\Windows Kits\10\Include\10.0.19041.0\shared\winerror.h(56351): message : 参见“DXGI_STATUS_CLIPPED”的前一个定义
O:\SDK\DirectSDK\Include\dxgitype.h(14,1): warning C4005: “DXGI_STATUS_NO_REDIRECTION”: 宏重定义
C:\Program Files (x86)\Windows Kits\10\Include\10.0.19041.0\shared\winerror.h(56360): message : 参见“DXGI_STATUS_NO_REDIRECTION”的前一个定义
O:\SDK\DirectSDK\Include\dxgitype.h(15,1): warning C4005: “DXGI_STATUS_NO_DESKTOP_ACCESS”: 宏重定义
C:\Program Files (x86)\Windows Kits\10\Include\10.0.19041.0\shared\winerror.h(56369): message : 参见“DXGI_STATUS_NO_DESKTOP_ACCESS”的前一个定义
O:\SDK\DirectSDK\Include\dxgitype.h(16,1): warning C4005: “DXGI_STATUS_GRAPHICS_VIDPN_SOURCE_IN_USE”: 宏重定义
C:\Program Files (x86)\Windows Kits\10\Include\10.0.19041.0\shared\winerror.h(56378): message : 参见“DXGI_STATUS_GRAPHICS_VIDPN_SOURCE_IN_USE”的前一个定义
O:\SDK\DirectSDK\Include\dxgitype.h(17,1): warning C4005: “DXGI_STATUS_MODE_CHANGED”: 宏重定义
C:\Program Files (x86)\Windows Kits\10\Include\10.0.19041.0\shared\winerror.h(56387): message : 参见“DXGI_STATUS_MODE_CHANGED”的前一个定义
O:\SDK\DirectSDK\Include\dxgitype.h(18,1): warning C4005: “DXGI_STATUS_MODE_CHANGE_IN_PROGRESS”: 宏重定义
C:\Program Files (x86)\Windows Kits\10\Include\10.0.19041.0\shared\winerror.h(56396): message : 参见“DXGI_STATUS_MODE_CHANGE_IN_PROGRESS”的前一个定义
O:\SDK\DirectSDK\Include\dxgitype.h(21,1): warning C4005: “DXGI_ERROR_INVALID_CALL”: 宏重定义
C:\Program Files (x86)\Windows Kits\10\Include\10.0.19041.0\shared\winerror.h(56411): message : 参见“DXGI_ERROR_INVALID_CALL”的前一个定义
O:\SDK\DirectSDK\Include\dxgitype.h(22,1): warning C4005: “DXGI_ERROR_NOT_FOUND”: 宏重定义
C:\Program Files (x86)\Windows Kits\10\Include\10.0.19041.0\shared\winerror.h(56420): message : 参见“DXGI_ERROR_NOT_FOUND”的前一个定义
O:\SDK\DirectSDK\Include\dxgitype.h(23,1): warning C4005: “DXGI_ERROR_MORE_DATA”: 宏重定义
C:\Program Files (x86)\Windows Kits\10\Include\10.0.19041.0\shared\winerror.h(56429): message : 参见“DXGI_ERROR_MORE_DATA”的前一个定义
O:\SDK\DirectSDK\Include\dxgitype.h(24,1): warning C4005: “DXGI_ERROR_UNSUPPORTED”: 宏重定义
C:\Program Files (x86)\Windows Kits\10\Include\10.0.19041.0\shared\winerror.h(56438): message : 参见“DXGI_ERROR_UNSUPPORTED”的前一个定义
O:\SDK\DirectSDK\Include\dxgitype.h(25,1): warning C4005: “DXGI_ERROR_DEVICE_REMOVED”: 宏重定义
C:\Program Files (x86)\Windows Kits\10\Include\10.0.19041.0\shared\winerror.h(56447): message : 参见“DXGI_ERROR_DEVICE_REMOVED”的前一个定义
O:\SDK\DirectSDK\Include\dxgitype.h(26,1): warning C4005: “DXGI_ERROR_DEVICE_HUNG”: 宏重定义
C:\Program Files (x86)\Windows Kits\10\Include\10.0.19041.0\shared\winerror.h(56456): message : 参见“DXGI_ERROR_DEVICE_HUNG”的前一个定义
O:\SDK\DirectSDK\Include\dxgitype.h(27,1): warning C4005: “DXGI_ERROR_DEVICE_RESET”: 宏重定义
C:\Program Files (x86)\Windows Kits\10\Include\10.0.19041.0\shared\winerror.h(56466): message : 参见“DXGI_ERROR_DEVICE_RESET”的前一个定义
O:\SDK\DirectSDK\Include\dxgitype.h(28,1): warning C4005: “DXGI_ERROR_WAS_STILL_DRAWING”: 宏重定义
C:\Program Files (x86)\Windows Kits\10\Include\10.0.19041.0\shared\winerror.h(56475): message : 参见“DXGI_ERROR_WAS_STILL_DRAWING”的前一个定义
O:\SDK\DirectSDK\Include\dxgitype.h(29,1): warning C4005: “DXGI_ERROR_FRAME_STATISTICS_DISJOINT”: 宏重定义
C:\Program Files (x86)\Windows Kits\10\Include\10.0.19041.0\shared\winerror.h(56485): message : 参见“DXGI_ERROR_FRAME_STATISTICS_DISJOINT”的前一个定义
O:\SDK\DirectSDK\Include\dxgitype.h(30,1): warning C4005: “DXGI_ERROR_GRAPHICS_VIDPN_SOURCE_IN_USE”: 宏重定义
C:\Program Files (x86)\Windows Kits\10\Include\10.0.19041.0\shared\winerror.h(56494): message : 参见“DXGI_ERROR_GRAPHICS_VIDPN_SOURCE_IN_USE”的前一个定义
O:\SDK\DirectSDK\Include\dxgitype.h(31,1): warning C4005: “DXGI_ERROR_DRIVER_INTERNAL_ERROR”: 宏重定义
C:\Program Files (x86)\Windows Kits\10\Include\10.0.19041.0\shared\winerror.h(56504): message : 参见“DXGI_ERROR_DRIVER_INTERNAL_ERROR”的前一个定义
O:\SDK\DirectSDK\Include\dxgitype.h(32,1): warning C4005: “DXGI_ERROR_NONEXCLUSIVE”: 宏重定义
C:\Program Files (x86)\Windows Kits\10\Include\10.0.19041.0\shared\winerror.h(56513): message : 参见“DXGI_ERROR_NONEXCLUSIVE”的前一个定义
O:\SDK\DirectSDK\Include\dxgitype.h(33,1): warning C4005: “DXGI_ERROR_NOT_CURRENTLY_AVAILABLE”: 宏重定义
C:\Program Files (x86)\Windows Kits\10\Include\10.0.19041.0\shared\winerror.h(56522): message : 参见“DXGI_ERROR_NOT_CURRENTLY_AVAILABLE”的前一个定义
O:\SDK\DirectSDK\Include\dxgitype.h(34,1): warning C4005: “DXGI_ERROR_REMOTE_CLIENT_DISCONNECTED”: 宏重定义
C:\Program Files (x86)\Windows Kits\10\Include\10.0.19041.0\shared\winerror.h(56532): message : 参见“DXGI_ERROR_REMOTE_CLIENT_DISCONNECTED”的前一个定义
O:\SDK\DirectSDK\Include\dxgitype.h(35,1): warning C4005: “DXGI_ERROR_REMOTE_OUTOFMEMORY”: 宏重定义
C:\Program Files (x86)\Windows Kits\10\Include\10.0.19041.0\shared\winerror.h(56541): message : 参见“DXGI_ERROR_REMOTE_OUTOFMEMORY”的前一个定义
O:\SDK\DirectSDK\Include\d3d11.h(917,1): warning C4005: “D3D11_ERROR_TOO_MANY_UNIQUE_STATE_OBJECTS”: 宏重定义
C:\Program Files (x86)\Windows Kits\10\Include\10.0.19041.0\shared\winerror.h(56819): message : 参见“D3D11_ERROR_TOO_MANY_UNIQUE_STATE_OBJECTS”的前一个定义
O:\SDK\DirectSDK\Include\d3d11.h(918,1): warning C4005: “D3D11_ERROR_FILE_NOT_FOUND”: 宏重定义
C:\Program Files (x86)\Windows Kits\10\Include\10.0.19041.0\shared\winerror.h(56828): message : 参见“D3D11_ERROR_FILE_NOT_FOUND”的前一个定义
O:\SDK\DirectSDK\Include\d3d11.h(919,1): warning C4005: “D3D11_ERROR_TOO_MANY_UNIQUE_VIEW_OBJECTS”: 宏重定义
C:\Program Files (x86)\Windows Kits\10\Include\10.0.19041.0\shared\winerror.h(56838): message : 参见“D3D11_ERROR_TOO_MANY_UNIQUE_VIEW_OBJECTS”的前一个定义
O:\SDK\DirectSDK\Include\d3d11.h(920,1): warning C4005: “D3D11_ERROR_DEFERRED_CONTEXT_MAP_WITHOUT_INITIAL_DISCARD”: 宏重定义
C:\Program Files (x86)\Windows Kits\10\Include\10.0.19041.0\shared\winerror.h(56847): message : 参见“D3D11_ERROR_DEFERRED_CONTEXT_MAP_WITHOUT_INITIAL_DISCARD”的前一个定义
O:\SDK\DirectSDK\Include\d3d10.h(608,1): warning C4005: “D3D10_ERROR_TOO_MANY_UNIQUE_STATE_OBJECTS”: 宏重定义
C:\Program Files (x86)\Windows Kits\10\Include\10.0.19041.0\shared\winerror.h(56795): message : 参见“D3D10_ERROR_TOO_MANY_UNIQUE_STATE_OBJECTS”的前一个定义
O:\SDK\DirectSDK\Include\d3d10.h(609,1): warning C4005: “D3D10_ERROR_FILE_NOT_FOUND”: 宏重定义
C:\Program Files (x86)\Windows Kits\10\Include\10.0.19041.0\shared\winerror.h(56804): message : 参见“D3D10_ERROR_FILE_NOT_FOUND”的前一个定义
P:\项目文件夹\VS\外挂库\外挂库\WindowsOparetion.cpp(6,38): warning C4267: “初始化”: 从“size_t”转换到“WORD”，可能丢失数据
P:\项目文件夹\VS\外挂库\外挂库\WindowsOparetion.cpp(60,26): warning C4018: “<”: 有符号/无符号不匹配
P:\项目文件夹\VS\外挂库\外挂库\WindowsOparetion.cpp(64,29): warning C4018: “<”: 有符号/无符号不匹配
P:\项目文件夹\VS\外挂库\外挂库\WindowsOparetion.cpp(71,23): warning C4018: “>=”: 有符号/无符号不匹配
P:\项目文件夹\VS\外挂库\外挂库\WindowsOparetion.cpp(92,38): warning C4267: “初始化”: 从“size_t”转换到“WORD”，可能丢失数据
P:\项目文件夹\VS\外挂库\外挂库\WindowsOparetion.cpp(108,19): warning C4244: “=”: 从“SIZE_T”转换到“unsigned long”，可能丢失数据
P:\项目文件夹\VS\外挂库\外挂库\WindowsOparetion.cpp(122,29): warning C4267: “return”: 从“size_t”转换到“DWORD”，可能丢失数据
P:\项目文件夹\VS\外挂库\外挂库\WindowsOparetion.cpp(127,27): warning C4267: “return”: 从“size_t”转换到“DWORD”，可能丢失数据
P:\项目文件夹\VS\外挂库\外挂库\WindowsOparetion.cpp(159,76): warning C4244: “参数”: 从“float”转换到“DWORD”，可能丢失数据
P:\项目文件夹\VS\外挂库\外挂库\WindowsOparetion.cpp(159,42): warning C4244: “参数”: 从“float”转换到“DWORD”，可能丢失数据
P:\项目文件夹\VS\外挂库\外挂库\WindowsOparetion.cpp(207,15): warning C4244: “=”: 从“float”转换到“int”，可能丢失数据
P:\项目文件夹\VS\外挂库\外挂库\WindowsOparetion.cpp(209,14): warning C4244: “=”: 从“float”转换到“int”，可能丢失数据
P:\项目文件夹\VS\外挂库\外挂库\WindowsOparetion.cpp(210,12): warning C4244: “=”: 从“float”转换到“int”，可能丢失数据
  正在生成代码...
  外挂库.vcxproj -> P:\项目文件夹\VS\外挂库\x64\Debug\外挂库.lib
