i:\刷题专用文件夹\vs\外挂库\外挂库\x64\debug\外挂库.pdb
i:\刷题专用文件夹\vs\外挂库\外挂库\x64\debug\外挂库.idb
i:\刷题专用文件夹\vs\外挂库\外挂库\x64\debug\windowsoparetion.obj
i:\刷题专用文件夹\vs\外挂库\外挂库\x64\debug\myimgui.obj
i:\刷题专用文件夹\vs\外挂库\外挂库\x64\debug\imgui_widgets.obj
i:\刷题专用文件夹\vs\外挂库\外挂库\x64\debug\imgui_impl_win32.obj
i:\刷题专用文件夹\vs\外挂库\外挂库\x64\debug\imgui_impl_dx11.obj
i:\刷题专用文件夹\vs\外挂库\外挂库\x64\debug\imgui_draw.obj
i:\刷题专用文件夹\vs\外挂库\外挂库\x64\debug\imgui_demo.obj
i:\刷题专用文件夹\vs\外挂库\外挂库\x64\debug\imgui.obj
i:\刷题专用文件夹\vs\外挂库\x64\debug\外挂库.lib
p:\项目文件夹\vs\外挂库\外挂库\x64\debug\imgui.obj
p:\项目文件夹\vs\外挂库\外挂库\x64\debug\imgui_demo.obj
p:\项目文件夹\vs\外挂库\外挂库\x64\debug\imgui_draw.obj
p:\项目文件夹\vs\外挂库\外挂库\x64\debug\imgui_impl_dx11.obj
p:\项目文件夹\vs\外挂库\外挂库\x64\debug\imgui_impl_win32.obj
p:\项目文件夹\vs\外挂库\外挂库\x64\debug\imgui_widgets.obj
p:\项目文件夹\vs\外挂库\外挂库\x64\debug\myimgui.obj
p:\项目文件夹\vs\外挂库\外挂库\x64\debug\windowsoparetion.obj
p:\项目文件夹\vs\外挂库\外挂库\x64\debug\外挂库.idb
p:\项目文件夹\vs\外挂库\外挂库\x64\debug\外挂库.pdb
p:\项目文件夹\vs\外挂库\x64\debug\外挂库.pdb
p:\项目文件夹\vs\外挂库\x64\debug\外挂库.lib
p:\项目文件夹\vs\外挂库\外挂库\x64\debug\外挂库.tlog\cl.command.1.tlog
p:\项目文件夹\vs\外挂库\外挂库\x64\debug\外挂库.tlog\cl.read.1.tlog
p:\项目文件夹\vs\外挂库\外挂库\x64\debug\外挂库.tlog\cl.write.1.tlog
p:\项目文件夹\vs\外挂库\外挂库\x64\debug\外挂库.tlog\lib-link.read.1.tlog
p:\项目文件夹\vs\外挂库\外挂库\x64\debug\外挂库.tlog\lib-link.write.1.tlog
p:\项目文件夹\vs\外挂库\外挂库\x64\debug\外挂库.tlog\lib.command.1.tlog
